# JRE version: Java(TM) SE Runtime Environment (8.0_231-b11) (build 1.8.0_231-b11)
# Java VM: Java HotSpot(TM) 64-Bit Server VM (25.231-b11 mixed mode windows-amd64 compressed oops)
Heap:
 PSYoungGen      total 275456K, used 9280K [0x00000000d5580000, 0x00000000ec880000, 0x0000000100000000)
  eden space 232448K, 3% used [0x00000000d5580000,0x00000000d5e90178,0x00000000e3880000)
  from space 43008K, 0% used [0x00000000e3880000,0x00000000e3880000,0x00000000e6280000)
  to   space 34304K, 0% used [0x00000000e6280000,0x00000000e6280000,0x00000000e8400000)
 ParOldGen       total 175104K, used 76181K [0x0000000080000000, 0x000000008ab00000, 0x00000000d5580000)
  object space 175104K, 43% used [0x0000000080000000,0x0000000084a65678,0x000000008ab00000)
 Metaspace       used 33443K, capacity 34486K, committed 35496K, reserved 1081344K
  class space    used 3803K, capacity 4097K, committed 4272K, reserved 1048576K
GC Heap History (10 events):
Event: 23.860 GC heap before
{Heap before GC invocations=9 (full 1):
 PSYoungGen      total 148480K, used 129536K [0x00000000d5580000, 0x00000000e7880000, 0x0000000100000000)
  eden space 129536K, 100% used [0x00000000d5580000,0x00000000dd400000,0x00000000dd400000)
  from space 18944K, 0% used [0x00000000dd400000,0x00000000dd400000,0x00000000de680000)
  to   space 19456K, 0% used [0x00000000e6580000,0x00000000e6580000,0x00000000e7880000)
 ParOldGen       total 175104K, used 32415K [0x0000000080000000, 0x000000008ab00000, 0x00000000d5580000)
  object space 175104K, 18% used [0x0000000080000000,0x0000000081fa7c98,0x000000008ab00000)
 Metaspace       used 24093K, capacity 24818K, committed 25008K, reserved 1071104K
  class space    used 2750K, capacity 2937K, committed 2992K, reserved 1048576K
Event: 23.898 GC heap after
Heap after GC invocations=9 (full 1):
 PSYoungGen      total 210432K, used 19445K [0x00000000d5580000, 0x00000000e7880000, 0x0000000100000000)
  eden space 190976K, 0% used [0x00000000d5580000,0x00000000d5580000,0x00000000e1000000)
  from space 19456K, 99% used [0x00000000e6580000,0x00000000e787d6b0,0x00000000e7880000)
  to   space 30720K, 0% used [0x00000000e3c80000,0x00000000e3c80000,0x00000000e5a80000)
 ParOldGen       total 175104K, used 54185K [0x0000000080000000, 0x000000008ab00000, 0x00000000d5580000)
  object space 175104K, 30% used [0x0000000080000000,0x00000000834ea528,0x000000008ab00000)
 Metaspace       used 24093K, capacity 24818K, committed 25008K, reserved 1071104K
  class space    used 2750K, capacity 2937K, committed 2992K, reserved 1048576K
}
Event: 28.848 GC heap before
{Heap before GC invocations=10 (full 1):
 PSYoungGen      total 210432K, used 210421K [0x00000000d5580000, 0x00000000e7880000, 0x0000000100000000)
  eden space 190976K, 100% used [0x00000000d5580000,0x00000000e1000000,0x00000000e1000000)
  from space 19456K, 99% used [0x00000000e6580000,0x00000000e787d6b0,0x00000000e7880000)
  to   space 30720K, 0% used [0x00000000e3c80000,0x00000000e3c80000,0x00000000e5a80000)
 ParOldGen       total 175104K, used 54185K [0x0000000080000000, 0x000000008ab00000, 0x00000000d5580000)
  object space 175104K, 30% used [0x0000000080000000,0x00000000834ea528,0x000000008ab00000)
 Metaspace       used 26108K, capacity 26924K, committed 27056K, reserved 1073152K
  class space    used 2959K, capacity 3190K, committed 3248K, reserved 1048576K
Event: 28.874 GC heap after
Heap after GC invocations=10 (full 1):
 PSYoungGen      total 267264K, used 29793K [0x00000000d5580000, 0x00000000e8400000, 0x0000000100000000)
  eden space 236544K, 0% used [0x00000000d5580000,0x00000000d5580000,0x00000000e3c80000)
  from space 30720K, 96% used [0x00000000e3c80000,0x00000000e59984f0,0x00000000e5a80000)
  to   space 34304K, 0% used [0x00000000e6280000,0x00000000e6280000,0x00000000e8400000)
 ParOldGen       total 175104K, used 54193K [0x0000000080000000, 0x000000008ab00000, 0x00000000d5580000)
  object space 175104K, 30% used [0x0000000080000000,0x00000000834ec528,0x000000008ab00000)
 Metaspace       used 26108K, capacity 26924K, committed 27056K, reserved 1073152K
  class space    used 2959K, capacity 3190K, committed 3248K, reserved 1048576K
}
Event: 40.627 GC heap before
{Heap before GC invocations=11 (full 1):
 PSYoungGen      total 267264K, used 266337K [0x00000000d5580000, 0x00000000e8400000, 0x0000000100000000)
  eden space 236544K, 100% used [0x00000000d5580000,0x00000000e3c80000,0x00000000e3c80000)
  from space 30720K, 96% used [0x00000000e3c80000,0x00000000e59984f0,0x00000000e5a80000)
  to   space 34304K, 0% used [0x00000000e6280000,0x00000000e6280000,0x00000000e8400000)
 ParOldGen       total 175104K, used 54193K [0x0000000080000000, 0x000000008ab00000, 0x00000000d5580000)
  object space 175104K, 30% used [0x0000000080000000,0x00000000834ec528,0x000000008ab00000)
 Metaspace       used 32242K, capacity 33216K, committed 33456K, reserved 1079296K
  class space    used 3649K, capacity 3934K, committed 4016K, reserved 1048576K
Event: 40.686 GC heap after
Heap after GC invocations=11 (full 1):
 PSYoungGen      total 266752K, used 34279K [0x00000000d5580000, 0x00000000ec880000, 0x0000000100000000)
  eden space 232448K, 0% used [0x00000000d5580000,0x00000000d5580000,0x00000000e3880000)
  from space 34304K, 99% used [0x00000000e6280000,0x00000000e83f9e28,0x00000000e8400000)
  to   space 43008K, 0% used [0x00000000e3880000,0x00000000e3880000,0x00000000e6280000)
 ParOldGen       total 175104K, used 66593K [0x0000000080000000, 0x000000008ab00000, 0x00000000d5580000)
  object space 175104K, 38% used [0x0000000080000000,0x00000000841085e8,0x000000008ab00000)
 Metaspace       used 32242K, capacity 33216K, committed 33456K, reserved 1079296K
  class space    used 3649K, capacity 3934K, committed 4016K, reserved 1048576K
}
Event: 41.992 GC heap before
{Heap before GC invocations=12 (full 1):
 PSYoungGen      total 266752K, used 79744K [0x00000000d5580000, 0x00000000ec880000, 0x0000000100000000)
  eden space 232448K, 19% used [0x00000000d5580000,0x00000000d81e6250,0x00000000e3880000)
  from space 34304K, 99% used [0x00000000e6280000,0x00000000e83f9e28,0x00000000e8400000)
  to   space 43008K, 0% used [0x00000000e3880000,0x00000000e3880000,0x00000000e6280000)
 ParOldGen       total 175104K, used 66593K [0x0000000080000000, 0x000000008ab00000, 0x00000000d5580000)
  object space 175104K, 38% used [0x0000000080000000,0x00000000841085e8,0x000000008ab00000)
 Metaspace       used 34253K, capacity 35358K, committed 35496K, reserved 1081344K
  class space    used 3911K, capacity 4240K, committed 4272K, reserved 1048576K
Event: 42.025 GC heap after
Heap after GC invocations=12 (full 1):
 PSYoungGen      total 275456K, used 23877K [0x00000000d5580000, 0x00000000ec880000, 0x0000000100000000)
  eden space 232448K, 0% used [0x00000000d5580000,0x00000000d5580000,0x00000000e3880000)
  from space 43008K, 55% used [0x00000000e3880000,0x00000000e4fd15a0,0x00000000e6280000)
  to   space 34304K, 0% used [0x00000000e6280000,0x00000000e6280000,0x00000000e8400000)
 ParOldGen       total 175104K, used 82101K [0x0000000080000000, 0x000000008ab00000, 0x00000000d5580000)
  object space 175104K, 46% used [0x0000000080000000,0x000000008502d478,0x000000008ab00000)
 Metaspace       used 34253K, capacity 35358K, committed 35496K, reserved 1081344K
  class space    used 3911K, capacity 4240K, committed 4272K, reserved 1048576K
}
Event: 42.025 GC heap before
{Heap before GC invocations=13 (full 2):
 PSYoungGen      total 275456K, used 23877K [0x00000000d5580000, 0x00000000ec880000, 0x0000000100000000)
  eden space 232448K, 0% used [0x00000000d5580000,0x00000000d5580000,0x00000000e3880000)
  from space 43008K, 55% used [0x00000000e3880000,0x00000000e4fd15a0,0x00000000e6280000)
  to   space 34304K, 0% used [0x00000000e6280000,0x00000000e6280000,0x00000000e8400000)
 ParOldGen       total 175104K, used 82101K [0x0000000080000000, 0x000000008ab00000, 0x00000000d5580000)
  object space 175104K, 46% used [0x0000000080000000,0x000000008502d478,0x000000008ab00000)
 Metaspace       used 34253K, capacity 35358K, committed 35496K, reserved 1081344K
  class space    used 3911K, capacity 4240K, committed 4272K, reserved 1048576K
Event: 42.327 GC heap after
Heap after GC invocations=13 (full 2):
 PSYoungGen      total 275456K, used 0K [0x00000000d5580000, 0x00000000ec880000, 0x0000000100000000)
  eden space 232448K, 0% used [0x00000000d5580000,0x00000000d5580000,0x00000000e3880000)
  from space 43008K, 0% used [0x00000000e3880000,0x00000000e3880000,0x00000000e6280000)
  to   space 34304K, 0% used [0x00000000e6280000,0x00000000e6280000,0x00000000e8400000)
 ParOldGen       total 175104K, used 76181K [0x0000000080000000, 0x000000008ab00000, 0x00000000d5580000)
  object space 175104K, 43% used [0x0000000080000000,0x0000000084a65678,0x000000008ab00000)
 Metaspace       used 32740K, capacity 33778K, committed 35496K, reserved 1081344K
  class space    used 3724K, capacity 4033K, committed 4272K, reserved 1048576K
}

